<?xml version="1.0" encoding="UTF-8"?>
<!-- Generated by org.testng.reporters.JUnitReportReporter -->
<testsuite skipped="0" hostname="Nicholass-MBP" name="pages.BrowserFactory" tests="1" failures="0" timestamp="2022-07-15T20:04:07 EDT" time="4.522" errors="0">
  <testcase name="init" time="4.522" classname="pages.BrowserFactory"/>
  <system-out/>
</testsuite> <!-- pages.BrowserFactory -->
